<?xml version="1.0" encoding="UTF-8"?>
<coverage generated="1657212147510" clover="3.2.0">
  <project timestamp="1657212147510" name="All files">
    <metrics statements="32" coveredstatements="32" conditionals="4" coveredconditionals="4" methods="9" coveredmethods="9" elements="45" coveredelements="45" complexity="0" loc="32" ncloc="32" packages="1" files="1" classes="1"/>
    <file name="app.ts" path="/Users/LeanLawyering/dev/backend-starter/src/app.ts">
      <metrics statements="32" coveredstatements="32" conditionals="4" coveredconditionals="4" methods="9" coveredmethods="9"/>
      <line num="5" count="4" type="stmt"/>
      <line num="6" count="4" type="stmt"/>
      <line num="7" count="4" type="stmt"/>
      <line num="8" count="4" type="stmt"/>
      <line num="9" count="4" type="stmt"/>
      <line num="10" count="4" type="stmt"/>
      <line num="11" count="4" type="stmt"/>
      <line num="14" count="4" type="stmt"/>
      <line num="15" count="4" type="stmt"/>
      <line num="18" count="4" type="stmt"/>
      <line num="19" count="4" type="stmt"/>
      <line num="20" count="4" type="stmt"/>
      <line num="24" count="4" type="stmt"/>
      <line num="25" count="4" type="stmt"/>
      <line num="26" count="4" type="stmt"/>
      <line num="27" count="4" type="stmt"/>
      <line num="30" count="4" type="stmt"/>
      <line num="33" count="2" type="stmt"/>
      <line num="34" count="2" type="stmt"/>
      <line num="35" count="2" type="stmt"/>
      <line num="43" count="4" type="stmt"/>
      <line num="44" count="2" type="stmt"/>
      <line num="46" count="4" type="stmt"/>
      <line num="47" count="2" type="stmt"/>
      <line num="49" count="4" type="stmt"/>
      <line num="50" count="2" type="stmt"/>
      <line num="52" count="4" type="stmt"/>
      <line num="53" count="6" type="cond" truecount="2" falsecount="0"/>
      <line num="57" count="4" type="stmt"/>
      <line num="59" count="2" type="stmt"/>
      <line num="66" count="4" type="stmt"/>
      <line num="67" count="4" type="stmt"/>
    </file>
  </project>
</coverage>
