<?xml version="1.0" encoding="UTF-8"?>
<coverage generated="1656358021294" clover="3.2.0">
  <project timestamp="1656358021294" name="All files">
    <metrics statements="23" coveredstatements="23" conditionals="4" coveredconditionals="4" methods="7" coveredmethods="7" elements="34" coveredelements="34" complexity="0" loc="23" ncloc="23" packages="1" files="1" classes="1"/>
    <file name="app.ts" path="/Users/LeanLawyering/dev/backend-starter/src/app.ts">
      <metrics statements="23" coveredstatements="23" conditionals="4" coveredconditionals="4" methods="7" coveredmethods="7"/>
      <line num="5" count="4" type="stmt"/>
      <line num="6" count="4" type="stmt"/>
      <line num="7" count="4" type="stmt"/>
      <line num="8" count="4" type="stmt"/>
      <line num="11" count="4" type="stmt"/>
      <line num="14" count="4" type="stmt"/>
      <line num="15" count="4" type="stmt"/>
      <line num="19" count="4" type="stmt"/>
      <line num="20" count="4" type="stmt"/>
      <line num="21" count="4" type="stmt"/>
      <line num="22" count="4" type="stmt"/>
      <line num="26" count="4" type="stmt"/>
      <line num="27" count="2" type="stmt"/>
      <line num="29" count="4" type="stmt"/>
      <line num="30" count="2" type="stmt"/>
      <line num="32" count="4" type="stmt"/>
      <line num="33" count="2" type="stmt"/>
      <line num="35" count="4" type="stmt"/>
      <line num="36" count="6" type="cond" truecount="2" falsecount="0"/>
      <line num="40" count="4" type="stmt"/>
      <line num="42" count="2" type="stmt"/>
      <line num="49" count="4" type="stmt"/>
      <line num="50" count="4" type="stmt"/>
    </file>
  </project>
</coverage>
