{"/Users/LeanLawyering/dev/backend-starter/src/app.ts": {"path":"/Users/LeanLawyering/dev/backend-starter/src/app.ts","statementMap":{"0":{"start":{"line":5,"column":0},"end":{"line":5,"column":80}},"1":{"start":{"line":6,"column":0},"end":{"line":6,"column":24}},"2":{"start":{"line":7,"column":0},"end":{"line":7,"column":28}},"3":{"start":{"line":8,"column":0},"end":{"line":8,"column":28}},"4":{"start":{"line":9,"column":0},"end":{"line":9,"column":26}},"5":{"start":{"line":10,"column":0},"end":{"line":10,"column":24}},"6":{"start":{"line":11,"column":0},"end":{"line":11,"column":43}},"7":{"start":{"line":14,"column":2},"end":{"line":14,"column":31}},"8":{"start":{"line":15,"column":2},"end":{"line":15,"column":76}},"9":{"start":{"line":18,"column":4},"end":{"line":18,"column":23}},"10":{"start":{"line":19,"column":4},"end":{"line":19,"column":21}},"11":{"start":{"line":20,"column":4},"end":{"line":20,"column":18}},"12":{"start":{"line":24,"column":4},"end":{"line":24,"column":25}},"13":{"start":{"line":25,"column":4},"end":{"line":25,"column":33}},"14":{"start":{"line":26,"column":4},"end":{"line":26,"column":27}},"15":{"start":{"line":27,"column":4},"end":{"line":27,"column":32}},"16":{"start":{"line":30,"column":4},"end":{"line":39,"column":6}},"17":{"start":{"line":33,"column":8},"end":{"line":33,"column":52}},"18":{"start":{"line":34,"column":8},"end":{"line":34,"column":46}},"19":{"start":{"line":35,"column":8},"end":{"line":35,"column":15}},"20":{"start":{"line":43,"column":4},"end":{"line":45,"column":6}},"21":{"start":{"line":44,"column":6},"end":{"line":44,"column":29}},"22":{"start":{"line":46,"column":4},"end":{"line":48,"column":6}},"23":{"start":{"line":47,"column":6},"end":{"line":47,"column":33}},"24":{"start":{"line":49,"column":4},"end":{"line":51,"column":6}},"25":{"start":{"line":50,"column":6},"end":{"line":50,"column":41}},"26":{"start":{"line":52,"column":4},"end":{"line":63,"column":7}},"27":{"start":{"line":53,"column":6},"end":{"line":62,"column":null}},"28":{"start":{"line":57,"column":8},"end":{"line":57,"column":69}},"29":{"start":{"line":59,"column":8},"end":{"line":61,"column":71}},"30":{"start":{"line":66,"column":19},"end":{"line":66,"column":28}},"31":{"start":{"line":67,"column":0},"end":{"line":67,"column":26}}},"fnMap":{"0":{"name":"(anonymous_1)","decl":{"start":{"line":17,"column":2},"end":{"line":17,"column":null}},"loc":{"start":{"line":17,"column":2},"end":{"line":21,"column":3}}},"1":{"name":"(anonymous_2)","decl":{"start":{"line":23,"column":2},"end":{"line":23,"column":13}},"loc":{"start":{"line":23,"column":13},"end":{"line":28,"column":3}}},"2":{"name":"(anonymous_3)","decl":{"start":{"line":29,"column":2},"end":{"line":29,"column":11}},"loc":{"start":{"line":29,"column":11},"end":{"line":40,"column":3}}},"3":{"name":"(anonymous_4)","decl":{"start":{"line":32,"column":6},"end":{"line":32,"column":7}},"loc":{"start":{"line":32,"column":54},"end":{"line":36,"column":7}}},"4":{"name":"(anonymous_5)","decl":{"start":{"line":42,"column":2},"end":{"line":42,"column":8}},"loc":{"start":{"line":42,"column":8},"end":{"line":64,"column":3}}},"5":{"name":"(anonymous_6)","decl":{"start":{"line":43,"column":26},"end":{"line":43,"column":27}},"loc":{"start":{"line":44,"column":6},"end":{"line":44,"column":29}}},"6":{"name":"(anonymous_7)","decl":{"start":{"line":46,"column":26},"end":{"line":46,"column":27}},"loc":{"start":{"line":47,"column":6},"end":{"line":47,"column":33}}},"7":{"name":"(anonymous_8)","decl":{"start":{"line":49,"column":39},"end":{"line":49,"column":40}},"loc":{"start":{"line":50,"column":6},"end":{"line":50,"column":41}}},"8":{"name":"(anonymous_9)","decl":{"start":{"line":52,"column":31},"end":{"line":52,"column":32}},"loc":{"start":{"line":52,"column":63},"end":{"line":63,"column":5}}}},"branchMap":{"0":{"loc":{"start":{"line":53,"column":6},"end":{"line":62,"column":null}},"type":"if","locations":[{"start":{"line":53,"column":6},"end":{"line":62,"column":null}},{"start":{"line":58,"column":13},"end":{"line":62,"column":null}}]},"1":{"loc":{"start":{"line":54,"column":8},"end":{"line":55,"column":58}},"type":"binary-expr","locations":[{"start":{"line":54,"column":8},"end":{"line":54,"column":47}},{"start":{"line":55,"column":8},"end":{"line":55,"column":58}}]}},"s":{"0":4,"1":4,"2":4,"3":4,"4":4,"5":4,"6":4,"7":4,"8":4,"9":4,"10":4,"11":4,"12":4,"13":4,"14":4,"15":4,"16":4,"17":2,"18":2,"19":2,"20":4,"21":2,"22":4,"23":2,"24":4,"25":2,"26":4,"27":6,"28":4,"29":2,"30":4,"31":4},"f":{"0":4,"1":4,"2":4,"3":2,"4":4,"5":2,"6":2,"7":2,"8":6},"b":{"0":[4,2],"1":[6,4]}}
}
