{"/Users/LeanLawyering/dev/logger/src/index.ts": {"path":"/Users/LeanLawyering/dev/logger/src/index.ts","statementMap":{"0":{"start":{"line":4,"column":0},"end":{"line":4,"column":null}},"1":{"start":{"line":10,"column":4},"end":{"line":10,"column":10}},"2":{"start":{"line":17,"column":10},"end":{"line":28,"column":4}},"3":{"start":{"line":18,"column":19},"end":{"line":26,"column":6}},"4":{"start":{"line":27,"column":4},"end":{"line":27,"column":18}},"5":{"start":{"line":30,"column":10},"end":{"line":49,"column":4}},"6":{"start":{"line":31,"column":21},"end":{"line":33,"column":57}},"7":{"start":{"line":33,"column":10},"end":{"line":33,"column":56}},"8":{"start":{"line":35,"column":19},"end":{"line":47,"column":6}},"9":{"start":{"line":48,"column":4},"end":{"line":48,"column":18}},"10":{"start":{"line":51,"column":2},"end":{"line":51,"column":115}},"11":{"start":{"line":51,"column":41},"end":{"line":51,"column":113}},"12":{"start":{"line":16,"column":0},"end":{"line":16,"column":13}}},"fnMap":{"0":{"name":"(anonymous_0)","decl":{"start":{"line":16,"column":0},"end":{"line":16,"column":13}},"loc":{"start":{"line":16,"column":0},"end":{"line":52,"column":1}}},"1":{"name":"(anonymous_1)","decl":{"start":{"line":17,"column":23},"end":{"line":17,"column":26}},"loc":{"start":{"line":17,"column":28},"end":{"line":28,"column":3}}},"2":{"name":"(anonymous_2)","decl":{"start":{"line":30,"column":22},"end":{"line":30,"column":25}},"loc":{"start":{"line":30,"column":27},"end":{"line":49,"column":3}}},"3":{"name":"(anonymous_3)","decl":{"start":{"line":31,"column":28},"end":{"line":31,"column":29}},"loc":{"start":{"line":33,"column":10},"end":{"line":33,"column":56}}},"4":{"name":"(anonymous_4)","decl":{"start":{"line":51,"column":10},"end":{"line":51,"column":11}},"loc":{"start":{"line":51,"column":41},"end":{"line":51,"column":113}}}},"branchMap":{"0":{"loc":{"start":{"line":51,"column":41},"end":{"line":51,"column":113}},"type":"cond-expr","locations":[{"start":{"line":51,"column":77},"end":{"line":51,"column":94}},{"start":{"line":51,"column":97},"end":{"line":51,"column":113}}]}},"s":{"0":1,"1":1,"2":5,"3":3,"4":3,"5":5,"6":2,"7":1,"8":2,"9":2,"10":5,"11":5,"12":1},"f":{"0":5,"1":3,"2":2,"3":1,"4":5},"b":{"0":[3,2]}}
}
