TN:
SF:src/app.ts
FN:13,(anonymous_1)
FN:18,(anonymous_2)
FN:25,(anonymous_3)
FN:26,(anonymous_4)
FN:29,(anonymous_5)
FN:32,(anonymous_6)
FN:35,(anonymous_7)
FNF:7
FNH:7
FNDA:4,(anonymous_1)
FNDA:4,(anonymous_2)
FNDA:4,(anonymous_3)
FNDA:2,(anonymous_4)
FNDA:2,(anonymous_5)
FNDA:2,(anonymous_6)
FNDA:6,(anonymous_7)
DA:5,4
DA:6,4
DA:7,4
DA:8,4
DA:11,4
DA:14,4
DA:15,4
DA:19,4
DA:20,4
DA:21,4
DA:22,4
DA:26,4
DA:27,2
DA:29,4
DA:30,2
DA:32,4
DA:33,2
DA:35,4
DA:36,6
DA:40,4
DA:42,2
DA:49,4
DA:50,4
LF:23
LH:23
BRDA:36,0,0,4
BRDA:36,0,1,2
BRDA:37,1,0,6
BRDA:37,1,1,4
BRF:4
BRH:4
end_of_record
