TN:
SF:src/app.ts
FN:17,(anonymous_1)
FN:23,(anonymous_2)
FN:29,(anonymous_3)
FN:32,(anonymous_4)
FN:42,(anonymous_5)
FN:43,(anonymous_6)
FN:46,(anonymous_7)
FN:49,(anonymous_8)
FN:52,(anonymous_9)
FNF:9
FNH:9
FNDA:4,(anonymous_1)
FNDA:4,(anonymous_2)
FNDA:4,(anonymous_3)
FNDA:2,(anonymous_4)
FNDA:4,(anonymous_5)
FNDA:2,(anonymous_6)
FNDA:2,(anonymous_7)
FNDA:2,(anonymous_8)
FNDA:6,(anonymous_9)
DA:5,4
DA:6,4
DA:7,4
DA:8,4
DA:9,4
DA:10,4
DA:11,4
DA:14,4
DA:15,4
DA:18,4
DA:19,4
DA:20,4
DA:24,4
DA:25,4
DA:26,4
DA:27,4
DA:30,4
DA:33,2
DA:34,2
DA:35,2
DA:43,4
DA:44,2
DA:46,4
DA:47,2
DA:49,4
DA:50,2
DA:52,4
DA:53,6
DA:57,4
DA:59,2
DA:66,4
DA:67,4
LF:32
LH:32
BRDA:53,0,0,4
BRDA:53,0,1,2
BRDA:54,1,0,6
BRDA:54,1,1,4
BRF:4
BRH:4
end_of_record
